{"C:\\Users\\KIIT\\pet-adoption-api\\app.js": {"path":"C:\\Users\\KIIT\\pet-adoption-api\\app.js","statementMap":{"0":{"start":{"line":2,"column":16},"end":{"line":2,"column":34}},"1":{"start":{"line":3,"column":17},"end":{"line":3,"column":36}},"2":{"start":{"line":4,"column":19},"end":{"line":4,"column":41}},"3":{"start":{"line":5,"column":15},"end":{"line":5,"column":32}},"4":{"start":{"line":6,"column":13},"end":{"line":6,"column":28}},"5":{"start":{"line":7,"column":13},"end":{"line":7,"column":28}},"6":{"start":{"line":9,"column":18},"end":{"line":9,"column":47}},"7":{"start":{"line":11,"column":12},"end":{"line":11,"column":21}},"8":{"start":{"line":14,"column":0},"end":{"line":14,"column":16}},"9":{"start":{"line":15,"column":0},"end":{"line":15,"column":27}},"10":{"start":{"line":16,"column":0},"end":{"line":16,"column":27}},"11":{"start":{"line":17,"column":0},"end":{"line":17,"column":47}},"12":{"start":{"line":20,"column":16},"end":{"line":27,"column":2}},"13":{"start":{"line":22,"column":8},"end":{"line":22,"column":29}},"14":{"start":{"line":25,"column":8},"end":{"line":25,"column":55}},"15":{"start":{"line":29,"column":15},"end":{"line":29,"column":43}},"16":{"start":{"line":32,"column":0},"end":{"line":32,"column":34}},"17":{"start":{"line":34,"column":18},"end":{"line":34,"column":82}},"18":{"start":{"line":36,"column":0},"end":{"line":38,"column":67}},"19":{"start":{"line":37,"column":16},"end":{"line":37,"column":48}},"20":{"start":{"line":38,"column":18},"end":{"line":38,"column":65}},"21":{"start":{"line":40,"column":0},"end":{"line":40,"column":21}}},"fnMap":{"0":{"name":"(anonymous_0)","decl":{"start":{"line":21,"column":17},"end":{"line":21,"column":18}},"loc":{"start":{"line":21,"column":42},"end":{"line":23,"column":5}},"line":21},"1":{"name":"(anonymous_1)","decl":{"start":{"line":24,"column":14},"end":{"line":24,"column":15}},"loc":{"start":{"line":24,"column":39},"end":{"line":26,"column":5}},"line":24},"2":{"name":"(anonymous_2)","decl":{"start":{"line":37,"column":10},"end":{"line":37,"column":11}},"loc":{"start":{"line":37,"column":16},"end":{"line":37,"column":48}},"line":37},"3":{"name":"(anonymous_3)","decl":{"start":{"line":38,"column":11},"end":{"line":38,"column":12}},"loc":{"start":{"line":38,"column":18},"end":{"line":38,"column":65}},"line":38}},"branchMap":{"0":{"loc":{"start":{"line":34,"column":18},"end":{"line":34,"column":82}},"type":"binary-expr","locations":[{"start":{"line":34,"column":18},"end":{"line":34,"column":39}},{"start":{"line":34,"column":43},"end":{"line":34,"column":82}}],"line":34}},"s":{"0":1,"1":1,"2":1,"3":1,"4":1,"5":1,"6":1,"7":1,"8":1,"9":1,"10":1,"11":1,"12":1,"13":0,"14":0,"15":1,"16":1,"17":1,"18":1,"19":1,"20":0,"21":1},"f":{"0":0,"1":0,"2":1,"3":0},"b":{"0":[1,0]},"_coverageSchema":"1a1c01bbd47fc00a2c39e90264f33305004495a9","hash":"2f008ae98752afd349e3b3405f73e86ce66a1cc4"}
,"C:\\Users\\KIIT\\pet-adoption-api\\controllers\\petController.js": {"path":"C:\\Users\\KIIT\\pet-adoption-api\\controllers\\petController.js","statementMap":{"0":{"start":{"line":1,"column":12},"end":{"line":1,"column":36}},"1":{"start":{"line":4,"column":0},"end":{"line":11,"column":2}},"2":{"start":{"line":5,"column":4},"end":{"line":10,"column":5}},"3":{"start":{"line":6,"column":21},"end":{"line":6,"column":37}},"4":{"start":{"line":7,"column":8},"end":{"line":7,"column":35}},"5":{"start":{"line":9,"column":8},"end":{"line":9,"column":85}},"6":{"start":{"line":14,"column":0},"end":{"line":24,"column":2}},"7":{"start":{"line":15,"column":4},"end":{"line":23,"column":5}},"8":{"start":{"line":16,"column":20},"end":{"line":16,"column":53}},"9":{"start":{"line":17,"column":8},"end":{"line":19,"column":9}},"10":{"start":{"line":18,"column":12},"end":{"line":18,"column":70}},"11":{"start":{"line":20,"column":8},"end":{"line":20,"column":34}},"12":{"start":{"line":22,"column":8},"end":{"line":22,"column":84}},"13":{"start":{"line":27,"column":0},"end":{"line":51,"column":2}},"14":{"start":{"line":28,"column":4},"end":{"line":50,"column":5}},"15":{"start":{"line":29,"column":59},"end":{"line":29,"column":67}},"16":{"start":{"line":30,"column":25},"end":{"line":30,"column":72}},"17":{"start":{"line":33,"column":8},"end":{"line":35,"column":9}},"18":{"start":{"line":34,"column":12},"end":{"line":34,"column":111}},"19":{"start":{"line":37,"column":23},"end":{"line":44,"column":10}},"20":{"start":{"line":46,"column":25},"end":{"line":46,"column":44}},"21":{"start":{"line":47,"column":8},"end":{"line":47,"column":39}},"22":{"start":{"line":49,"column":8},"end":{"line":49,"column":82}},"23":{"start":{"line":54,"column":0},"end":{"line":66,"column":2}},"24":{"start":{"line":55,"column":4},"end":{"line":65,"column":5}},"25":{"start":{"line":56,"column":27},"end":{"line":56,"column":94}},"26":{"start":{"line":58,"column":8},"end":{"line":60,"column":9}},"27":{"start":{"line":59,"column":12},"end":{"line":59,"column":70}},"28":{"start":{"line":62,"column":8},"end":{"line":62,"column":41}},"29":{"start":{"line":64,"column":8},"end":{"line":64,"column":84}},"30":{"start":{"line":69,"column":0},"end":{"line":81,"column":2}},"31":{"start":{"line":70,"column":4},"end":{"line":80,"column":5}},"32":{"start":{"line":71,"column":27},"end":{"line":71,"column":69}},"33":{"start":{"line":73,"column":8},"end":{"line":75,"column":9}},"34":{"start":{"line":74,"column":12},"end":{"line":74,"column":70}},"35":{"start":{"line":77,"column":8},"end":{"line":77,"column":70}},"36":{"start":{"line":79,"column":8},"end":{"line":79,"column":84}}},"fnMap":{"0":{"name":"(anonymous_0)","decl":{"start":{"line":4,"column":21},"end":{"line":4,"column":22}},"loc":{"start":{"line":4,"column":41},"end":{"line":11,"column":1}},"line":4},"1":{"name":"(anonymous_1)","decl":{"start":{"line":14,"column":21},"end":{"line":14,"column":22}},"loc":{"start":{"line":14,"column":41},"end":{"line":24,"column":1}},"line":14},"2":{"name":"(anonymous_2)","decl":{"start":{"line":27,"column":17},"end":{"line":27,"column":18}},"loc":{"start":{"line":27,"column":37},"end":{"line":51,"column":1}},"line":27},"3":{"name":"(anonymous_3)","decl":{"start":{"line":54,"column":20},"end":{"line":54,"column":21}},"loc":{"start":{"line":54,"column":40},"end":{"line":66,"column":1}},"line":54},"4":{"name":"(anonymous_4)","decl":{"start":{"line":69,"column":20},"end":{"line":69,"column":21}},"loc":{"start":{"line":69,"column":40},"end":{"line":81,"column":1}},"line":69}},"branchMap":{"0":{"loc":{"start":{"line":17,"column":8},"end":{"line":19,"column":9}},"type":"if","locations":[{"start":{"line":17,"column":8},"end":{"line":19,"column":9}},{"start":{},"end":{}}],"line":17},"1":{"loc":{"start":{"line":30,"column":25},"end":{"line":30,"column":72}},"type":"cond-expr","locations":[{"start":{"line":30,"column":36},"end":{"line":30,"column":67}},{"start":{"line":30,"column":70},"end":{"line":30,"column":72}}],"line":30},"2":{"loc":{"start":{"line":33,"column":8},"end":{"line":35,"column":9}},"type":"if","locations":[{"start":{"line":33,"column":8},"end":{"line":35,"column":9}},{"start":{},"end":{}}],"line":33},"3":{"loc":{"start":{"line":33,"column":12},"end":{"line":33,"column":76}},"type":"binary-expr","locations":[{"start":{"line":33,"column":12},"end":{"line":33,"column":17}},{"start":{"line":33,"column":21},"end":{"line":33,"column":25}},{"start":{"line":33,"column":29},"end":{"line":33,"column":35}},{"start":{"line":33,"column":39},"end":{"line":33,"column":47}},{"start":{"line":33,"column":51},"end":{"line":33,"column":63}},{"start":{"line":33,"column":67},"end":{"line":33,"column":76}}],"line":33},"4":{"loc":{"start":{"line":58,"column":8},"end":{"line":60,"column":9}},"type":"if","locations":[{"start":{"line":58,"column":8},"end":{"line":60,"column":9}},{"start":{},"end":{}}],"line":58},"5":{"loc":{"start":{"line":73,"column":8},"end":{"line":75,"column":9}},"type":"if","locations":[{"start":{"line":73,"column":8},"end":{"line":75,"column":9}},{"start":{},"end":{}}],"line":73}},"s":{"0":3,"1":3,"2":3,"3":3,"4":3,"5":0,"6":3,"7":4,"8":4,"9":4,"10":2,"11":2,"12":0,"13":3,"14":4,"15":4,"16":4,"17":4,"18":1,"19":3,"20":3,"21":3,"22":0,"23":3,"24":4,"25":4,"26":4,"27":1,"28":3,"29":0,"30":3,"31":4,"32":4,"33":4,"34":1,"35":3,"36":0},"f":{"0":3,"1":4,"2":4,"3":4,"4":4},"b":{"0":[2,2],"1":[3,1],"2":[1,3],"3":[4,3,3,3,3,3],"4":[1,3],"5":[1,3]},"_coverageSchema":"1a1c01bbd47fc00a2c39e90264f33305004495a9","hash":"f26cb8a8b7364a1dfe5cb719f014dbb461614a3e"}
,"C:\\Users\\KIIT\\pet-adoption-api\\models\\pet.js": {"path":"C:\\Users\\KIIT\\pet-adoption-api\\models\\pet.js","statementMap":{"0":{"start":{"line":1,"column":17},"end":{"line":1,"column":36}},"1":{"start":{"line":3,"column":18},"end":{"line":11,"column":2}},"2":{"start":{"line":13,"column":0},"end":{"line":13,"column":50}}},"fnMap":{},"branchMap":{},"s":{"0":4,"1":4,"2":4},"f":{},"b":{},"_coverageSchema":"1a1c01bbd47fc00a2c39e90264f33305004495a9","hash":"805c120bfb3448b3505b8a3031ca7e422cf77ddd"}
,"C:\\Users\\KIIT\\pet-adoption-api\\routes\\petRoutes.js": {"path":"C:\\Users\\KIIT\\pet-adoption-api\\routes\\petRoutes.js","statementMap":{"0":{"start":{"line":1,"column":16},"end":{"line":1,"column":34}},"1":{"start":{"line":2,"column":15},"end":{"line":2,"column":32}},"2":{"start":{"line":3,"column":13},"end":{"line":3,"column":28}},"3":{"start":{"line":4,"column":15},"end":{"line":4,"column":31}},"4":{"start":{"line":6,"column":22},"end":{"line":6,"column":61}},"5":{"start":{"line":9,"column":16},"end":{"line":16,"column":2}},"6":{"start":{"line":11,"column":8},"end":{"line":11,"column":29}},"7":{"start":{"line":14,"column":8},"end":{"line":14,"column":63}},"8":{"start":{"line":18,"column":15},"end":{"line":18,"column":43}},"9":{"start":{"line":21,"column":0},"end":{"line":21,"column":46}},"10":{"start":{"line":22,"column":0},"end":{"line":22,"column":50}},"11":{"start":{"line":23,"column":0},"end":{"line":23,"column":67}},"12":{"start":{"line":24,"column":0},"end":{"line":24,"column":49}},"13":{"start":{"line":25,"column":0},"end":{"line":25,"column":52}},"14":{"start":{"line":27,"column":0},"end":{"line":27,"column":24}}},"fnMap":{"0":{"name":"(anonymous_0)","decl":{"start":{"line":10,"column":17},"end":{"line":10,"column":18}},"loc":{"start":{"line":10,"column":42},"end":{"line":12,"column":5}},"line":10},"1":{"name":"(anonymous_1)","decl":{"start":{"line":13,"column":14},"end":{"line":13,"column":15}},"loc":{"start":{"line":13,"column":39},"end":{"line":15,"column":5}},"line":13}},"branchMap":{},"s":{"0":1,"1":1,"2":1,"3":1,"4":1,"5":1,"6":1,"7":1,"8":1,"9":1,"10":1,"11":1,"12":1,"13":1,"14":1},"f":{"0":1,"1":1},"b":{},"_coverageSchema":"1a1c01bbd47fc00a2c39e90264f33305004495a9","hash":"9a1da26d10b14924b7bc3368f9d40ef0657b33fd"}
,"C:\\Users\\KIIT\\pet-adoption-api\\tests\\setupTestDB.js": {"path":"C:\\Users\\KIIT\\pet-adoption-api\\tests\\setupTestDB.js","statementMap":{"0":{"start":{"line":1,"column":17},"end":{"line":1,"column":36}},"1":{"start":{"line":2,"column":30},"end":{"line":2,"column":62}},"2":{"start":{"line":6,"column":0},"end":{"line":14,"column":2}},"3":{"start":{"line":7,"column":4},"end":{"line":7,"column":51}},"4":{"start":{"line":8,"column":16},"end":{"line":8,"column":36}},"5":{"start":{"line":10,"column":4},"end":{"line":13,"column":7}},"6":{"start":{"line":16,"column":0},"end":{"line":22,"column":2}},"7":{"start":{"line":17,"column":4},"end":{"line":17,"column":45}},"8":{"start":{"line":18,"column":4},"end":{"line":18,"column":38}},"9":{"start":{"line":19,"column":4},"end":{"line":21,"column":5}},"10":{"start":{"line":20,"column":8},"end":{"line":20,"column":33}},"11":{"start":{"line":24,"column":0},"end":{"line":30,"column":2}},"12":{"start":{"line":25,"column":24},"end":{"line":25,"column":55}},"13":{"start":{"line":27,"column":4},"end":{"line":29,"column":5}},"14":{"start":{"line":28,"column":8},"end":{"line":28,"column":46}}},"fnMap":{"0":{"name":"(anonymous_0)","decl":{"start":{"line":6,"column":25},"end":{"line":6,"column":26}},"loc":{"start":{"line":6,"column":37},"end":{"line":14,"column":1}},"line":6},"1":{"name":"(anonymous_1)","decl":{"start":{"line":16,"column":31},"end":{"line":16,"column":32}},"loc":{"start":{"line":16,"column":43},"end":{"line":22,"column":1}},"line":16},"2":{"name":"(anonymous_2)","decl":{"start":{"line":24,"column":31},"end":{"line":24,"column":32}},"loc":{"start":{"line":24,"column":43},"end":{"line":30,"column":1}},"line":24}},"branchMap":{"0":{"loc":{"start":{"line":19,"column":4},"end":{"line":21,"column":5}},"type":"if","locations":[{"start":{"line":19,"column":4},"end":{"line":21,"column":5}},{"start":{},"end":{}}],"line":19}},"s":{"0":2,"1":2,"2":2,"3":2,"4":2,"5":2,"6":2,"7":2,"8":2,"9":2,"10":2,"11":2,"12":9,"13":9,"14":9},"f":{"0":2,"1":2,"2":9},"b":{"0":[2,0]},"_coverageSchema":"1a1c01bbd47fc00a2c39e90264f33305004495a9","hash":"b1c9e3d6e117739118d26f8ae2f497c3ab831f0f"}
}
