TN:
SF:app.js
FN:21,(anonymous_0)
FN:24,(anonymous_1)
FN:37,(anonymous_2)
FN:38,(anonymous_3)
FNF:4
FNH:1
FNDA:0,(anonymous_0)
FNDA:0,(anonymous_1)
FNDA:1,(anonymous_2)
FNDA:0,(anonymous_3)
DA:2,1
DA:3,1
DA:4,1
DA:5,1
DA:6,1
DA:7,1
DA:9,1
DA:11,1
DA:14,1
DA:15,1
DA:16,1
DA:17,1
DA:20,1
DA:22,0
DA:25,0
DA:29,1
DA:32,1
DA:34,1
DA:36,1
DA:37,1
DA:38,0
DA:40,1
LF:22
LH:19
BRDA:34,0,0,1
BRDA:34,0,1,0
BRF:2
BRH:1
end_of_record
TN:
SF:controllers\petController.js
FN:4,(anonymous_0)
FN:14,(anonymous_1)
FN:27,(anonymous_2)
FN:54,(anonymous_3)
FN:69,(anonymous_4)
FNF:5
FNH:5
FNDA:3,(anonymous_0)
FNDA:4,(anonymous_1)
FNDA:4,(anonymous_2)
FNDA:4,(anonymous_3)
FNDA:4,(anonymous_4)
DA:1,3
DA:4,3
DA:5,3
DA:6,3
DA:7,3
DA:9,0
DA:14,3
DA:15,4
DA:16,4
DA:17,4
DA:18,2
DA:20,2
DA:22,0
DA:27,3
DA:28,4
DA:29,4
DA:30,4
DA:33,4
DA:34,1
DA:37,3
DA:46,3
DA:47,3
DA:49,0
DA:54,3
DA:55,4
DA:56,4
DA:58,4
DA:59,1
DA:62,3
DA:64,0
DA:69,3
DA:70,4
DA:71,4
DA:73,4
DA:74,1
DA:77,3
DA:79,0
LF:37
LH:32
BRDA:17,0,0,2
BRDA:17,0,1,2
BRDA:30,1,0,3
BRDA:30,1,1,1
BRDA:33,2,0,1
BRDA:33,2,1,3
BRDA:33,3,0,4
BRDA:33,3,1,3
BRDA:33,3,2,3
BRDA:33,3,3,3
BRDA:33,3,4,3
BRDA:33,3,5,3
BRDA:58,4,0,1
BRDA:58,4,1,3
BRDA:73,5,0,1
BRDA:73,5,1,3
BRF:16
BRH:16
end_of_record
TN:
SF:models\pet.js
FNF:0
FNH:0
DA:1,4
DA:3,4
DA:13,4
LF:3
LH:3
BRF:0
BRH:0
end_of_record
TN:
SF:routes\petRoutes.js
FN:10,(anonymous_0)
FN:13,(anonymous_1)
FNF:2
FNH:2
FNDA:1,(anonymous_0)
FNDA:1,(anonymous_1)
DA:1,1
DA:2,1
DA:3,1
DA:4,1
DA:6,1
DA:9,1
DA:11,1
DA:14,1
DA:18,1
DA:21,1
DA:22,1
DA:23,1
DA:24,1
DA:25,1
DA:27,1
LF:15
LH:15
BRF:0
BRH:0
end_of_record
TN:
SF:tests\setupTestDB.js
FN:6,(anonymous_0)
FN:16,(anonymous_1)
FN:24,(anonymous_2)
FNF:3
FNH:3
FNDA:2,(anonymous_0)
FNDA:2,(anonymous_1)
FNDA:9,(anonymous_2)
DA:1,2
DA:2,2
DA:6,2
DA:7,2
DA:8,2
DA:10,2
DA:16,2
DA:17,2
DA:18,2
DA:19,2
DA:20,2
DA:24,2
DA:25,9
DA:27,9
DA:28,9
LF:15
LH:15
BRDA:19,0,0,2
BRDA:19,0,1,0
BRF:2
BRH:1
end_of_record
